# JRE version: Java(TM) SE Runtime Environment (8.0_111-b14) (build 1.8.0_111-b14)
# Java VM: Java HotSpot(TM) 64-Bit Server VM (25.111-b14 mixed mode windows-amd64 compressed oops)
Heap:
 PSYoungGen      total 101888K, used 30354K [0x0000000781980000, 0x0000000790c00000, 0x00000007c0000000)
  eden space 94208K, 32% used [0x0000000781980000,0x0000000783724b00,0x0000000787580000)
  from space 7680K, 0% used [0x0000000787580000,0x0000000787580000,0x0000000787d00000)
  to   space 35328K, 0% used [0x000000078e980000,0x000000078e980000,0x0000000790c00000)
 ParOldGen       total 139264K, used 53328K [0x0000000704c00000, 0x000000070d400000, 0x0000000781980000)
  object space 139264K, 38% used [0x0000000704c00000,0x0000000708014108,0x000000070d400000)
 Metaspace       used 28434K, capacity 28760K, committed 29056K, reserved 1075200K
  class space    used 3487K, capacity 3606K, committed 3712K, reserved 1048576K
GC Heap History (10 events):
Event: 8.622 GC heap before
{Heap before GC invocations=3 (full 1):
 PSYoungGen      total 56320K, used 7663K [0x0000000781980000, 0x0000000788780000, 0x00000007c0000000)
  eden space 48640K, 0% used [0x0000000781980000,0x0000000781980000,0x0000000784900000)
  from space 7680K, 99% used [0x0000000785080000,0x00000007857fbd30,0x0000000785800000)
  to   space 7680K, 0% used [0x0000000784900000,0x0000000784900000,0x0000000785080000)
 ParOldGen       total 128512K, used 22712K [0x0000000704c00000, 0x000000070c980000, 0x0000000781980000)
  object space 128512K, 17% used [0x0000000704c00000,0x000000070622e158,0x000000070c980000)
 Metaspace       used 20942K, capacity 21146K, committed 21248K, reserved 1067008K
  class space    used 2666K, capacity 2757K, committed 2816K, reserved 1048576K
Event: 8.646 GC heap after
Heap after GC invocations=3 (full 1):
 PSYoungGen      total 56320K, used 0K [0x0000000781980000, 0x0000000788780000, 0x00000007c0000000)
  eden space 48640K, 0% used [0x0000000781980000,0x0000000781980000,0x0000000784900000)
  from space 7680K, 0% used [0x0000000785080000,0x0000000785080000,0x0000000785800000)
  to   space 7680K, 0% used [0x0000000784900000,0x0000000784900000,0x0000000785080000)
 ParOldGen       total 80896K, used 16769K [0x0000000704c00000, 0x0000000709b00000, 0x0000000781980000)
  object space 80896K, 20% used [0x0000000704c00000,0x0000000705c60578,0x0000000709b00000)
 Metaspace       used 20942K, capacity 21146K, committed 21248K, reserved 1067008K
  class space    used 2666K, capacity 2757K, committed 2816K, reserved 1048576K
}
Event: 9.167 GC heap before
{Heap before GC invocations=4 (full 1):
 PSYoungGen      total 56320K, used 48640K [0x0000000781980000, 0x0000000788780000, 0x00000007c0000000)
  eden space 48640K, 100% used [0x0000000781980000,0x0000000784900000,0x0000000784900000)
  from space 7680K, 0% used [0x0000000785080000,0x0000000785080000,0x0000000785800000)
  to   space 7680K, 0% used [0x0000000784900000,0x0000000784900000,0x0000000785080000)
 ParOldGen       total 80896K, used 16769K [0x0000000704c00000, 0x0000000709b00000, 0x0000000781980000)
  object space 80896K, 20% used [0x0000000704c00000,0x0000000705c60578,0x0000000709b00000)
 Metaspace       used 23485K, capacity 23706K, committed 23808K, reserved 1071104K
  class space    used 2948K, capacity 3055K, committed 3072K, reserved 1048576K
Event: 9.175 GC heap after
Heap after GC invocations=4 (full 1):
 PSYoungGen      total 56320K, used 7667K [0x0000000781980000, 0x0000000788480000, 0x00000007c0000000)
  eden space 48640K, 0% used [0x0000000781980000,0x0000000781980000,0x0000000784900000)
  from space 7680K, 99% used [0x0000000784900000,0x000000078507cdb0,0x0000000785080000)
  to   space 7680K, 0% used [0x0000000787d00000,0x0000000787d00000,0x0000000788480000)
 ParOldGen       total 80896K, used 24286K [0x0000000704c00000, 0x0000000709b00000, 0x0000000781980000)
  object space 80896K, 30% used [0x0000000704c00000,0x00000007063b7938,0x0000000709b00000)
 Metaspace       used 23485K, capacity 23706K, committed 23808K, reserved 1071104K
  class space    used 2948K, capacity 3055K, committed 3072K, reserved 1048576K
}
Event: 15.694 GC heap before
{Heap before GC invocations=5 (full 1):
 PSYoungGen      total 56320K, used 56307K [0x0000000781980000, 0x0000000788480000, 0x00000007c0000000)
  eden space 48640K, 100% used [0x0000000781980000,0x0000000784900000,0x0000000784900000)
  from space 7680K, 99% used [0x0000000784900000,0x000000078507cdb0,0x0000000785080000)
  to   space 7680K, 0% used [0x0000000787d00000,0x0000000787d00000,0x0000000788480000)
 ParOldGen       total 80896K, used 24286K [0x0000000704c00000, 0x0000000709b00000, 0x0000000781980000)
  object space 80896K, 30% used [0x0000000704c00000,0x00000007063b7938,0x0000000709b00000)
 Metaspace       used 28163K, capacity 28472K, committed 28672K, reserved 1075200K
  class space    used 3484K, capacity 3574K, committed 3584K, reserved 1048576K
Event: 15.710 GC heap after
Heap after GC invocations=5 (full 1):
 PSYoungGen      total 101376K, used 7655K [0x0000000781980000, 0x0000000788480000, 0x00000007c0000000)
  eden space 93696K, 0% used [0x0000000781980000,0x0000000781980000,0x0000000787500000)
  from space 7680K, 99% used [0x0000000787d00000,0x0000000788479fd0,0x0000000788480000)
  to   space 7680K, 0% used [0x0000000787580000,0x0000000787580000,0x0000000787d00000)
 ParOldGen       total 80896K, used 34022K [0x0000000704c00000, 0x0000000709b00000, 0x0000000781980000)
  object space 80896K, 42% used [0x0000000704c00000,0x0000000706d39840,0x0000000709b00000)
 Metaspace       used 28163K, capacity 28472K, committed 28672K, reserved 1075200K
  class space    used 3484K, capacity 3574K, committed 3584K, reserved 1048576K
}
Event: 155.188 GC heap before
{Heap before GC invocations=6 (full 1):
 PSYoungGen      total 101376K, used 101351K [0x0000000781980000, 0x0000000788480000, 0x00000007c0000000)
  eden space 93696K, 100% used [0x0000000781980000,0x0000000787500000,0x0000000787500000)
  from space 7680K, 99% used [0x0000000787d00000,0x0000000788479fd0,0x0000000788480000)
  to   space 7680K, 0% used [0x0000000787580000,0x0000000787580000,0x0000000787d00000)
 ParOldGen       total 80896K, used 34022K [0x0000000704c00000, 0x0000000709b00000, 0x0000000781980000)
  object space 80896K, 42% used [0x0000000704c00000,0x0000000706d39840,0x0000000709b00000)
 Metaspace       used 28434K, capacity 28760K, committed 29056K, reserved 1075200K
  class space    used 3486K, capacity 3606K, committed 3712K, reserved 1048576K
Event: 155.422 GC heap after
Heap after GC invocations=6 (full 1):
 PSYoungGen      total 101888K, used 7664K [0x0000000781980000, 0x0000000790c00000, 0x00000007c0000000)
  eden space 94208K, 0% used [0x0000000781980000,0x0000000781980000,0x0000000787580000)
  from space 7680K, 99% used [0x0000000787580000,0x0000000787cfc020,0x0000000787d00000)
  to   space 35328K, 0% used [0x000000078e980000,0x000000078e980000,0x0000000790c00000)
 ParOldGen       total 80896K, used 66158K [0x0000000704c00000, 0x0000000709b00000, 0x0000000781980000)
  object space 80896K, 81% used [0x0000000704c00000,0x0000000708c9bab8,0x0000000709b00000)
 Metaspace       used 28434K, capacity 28760K, committed 29056K, reserved 1075200K
  class space    used 3486K, capacity 3606K, committed 3712K, reserved 1048576K
}
Event: 155.423 GC heap before
{Heap before GC invocations=7 (full 2):
 PSYoungGen      total 101888K, used 7664K [0x0000000781980000, 0x0000000790c00000, 0x00000007c0000000)
  eden space 94208K, 0% used [0x0000000781980000,0x0000000781980000,0x0000000787580000)
  from space 7680K, 99% used [0x0000000787580000,0x0000000787cfc020,0x0000000787d00000)
  to   space 35328K, 0% used [0x000000078e980000,0x000000078e980000,0x0000000790c00000)
 ParOldGen       total 80896K, used 66158K [0x0000000704c00000, 0x0000000709b00000, 0x0000000781980000)
  object space 80896K, 81% used [0x0000000704c00000,0x0000000708c9bab8,0x0000000709b00000)
 Metaspace       used 28434K, capacity 28760K, committed 29056K, reserved 1075200K
  class space    used 3486K, capacity 3606K, committed 3712K, reserved 1048576K
Event: 156.088 GC heap after
Heap after GC invocations=7 (full 2):
 PSYoungGen      total 101888K, used 0K [0x0000000781980000, 0x0000000790c00000, 0x00000007c0000000)
  eden space 94208K, 0% used [0x0000000781980000,0x0000000781980000,0x0000000787580000)
  from space 7680K, 0% used [0x0000000787580000,0x0000000787580000,0x0000000787d00000)
  to   space 35328K, 0% used [0x000000078e980000,0x000000078e980000,0x0000000790c00000)
 ParOldGen       total 139264K, used 53328K [0x0000000704c00000, 0x000000070d400000, 0x0000000781980000)
  object space 139264K, 38% used [0x0000000704c00000,0x0000000708014108,0x000000070d400000)
 Metaspace       used 28434K, capacity 28760K, committed 29056K, reserved 1075200K
  class space    used 3486K, capacity 3606K, committed 3712K, reserved 1048576K
}

